<?xml version="1.0" encoding="UTF-8"?>
<!-- Generated by org.testng.reporters.JUnitReportReporter -->
<testsuite hostname="DESKTOP-G8KE0A0" failures="0" tests="1" name="tests.FirstTest.FirstTest" time="7.533" errors="0" timestamp="2022-09-05T16:20:39 EEST" skipped="0">
  <testcase classname="tests.FirstTest.FirstTest" name="CheckingTheCItyInEachCard" time="7.533"/>
  <system-out/>
</testsuite> <!-- tests.FirstTest.FirstTest -->
