<?xml version="1.0" encoding="UTF-8"?>
<!-- Generated by org.testng.reporters.JUnitReportReporter -->
<testsuite hostname="DESKTOP-G8KE0A0" failures="0" tests="1" name="tests.SecondTest.SecondTest" time="7.581" errors="0" timestamp="2022-09-05T16:20:39 EEST" skipped="0">
  <testcase classname="tests.SecondTest.SecondTest" name="CheckingFreeCancellationAvailable" time="7.581"/>
  <system-out/>
</testsuite> <!-- tests.SecondTest.SecondTest -->
